C51 COMPILER V9.59.0.0   MAIN                                                              06/21/2021 11:02:20 PAGE 1   


C51 COMPILER V9.59.0.0, COMPILATION OF MODULE MAIN
OBJECT MODULE PLACED IN .\Objects\main.obj
COMPILER INVOKED BY: D:\keil_v5\C51\BIN\C51.EXE USER\main.c LARGE OPTIMIZE(8,SPEED) BROWSE DEBUG OBJECTEXTEND PRINT(.\Li
                    -stings\main.lst) TABS(2) OBJECT(.\Objects\main.obj)

line level    source

   1          #include "main.h"
   2          /*********************************************全局变量************************************************/
   3          /*********************************************************************************************************
             -*
   4          *函 数 名: main
   5          *功能说明: 主函数
   6          *形    参: 无
   7          *返 回 值: 无
   8          **********************************************************************************************************
             -/ 
   9          int main()
  10          {
  11   1        Init_Device();
  12   1        while(1)
  13   1        {
  14   2      
  15   2        }
  16   1        return 0;
  17   1      }
  18          
  19          //定时器2，扫描键盘，判断是否按下，中断周期为2.5ms  
  20          
  21          void InterruptTime2() interrupt 5               //定时器2中断
  22          { 
  23   1          static unsigned char Key_Dat = 0;
  24   1          //P4 = 0x00;
  25   1          if(Key_Dat==5) 
  26   1          {
  27   2            Key_Dat = 0;
  28   2          }
  29   1          if(Key_Dat==0)
  30   1          {
  31   2            KEY_DAT = 0;
  32   2          }
  33   1          else
  34   1          {
  35   2            KEY_DAT = 1;
  36   2          }
  37   1          KEY_CLK = 1;
  38   1          Keyscan(Key_Dat);
  39   1          Key_Dat+=1;
  40   1          KEY_CLK = 0;
  41   1          TF2 = 0;                                    //清除中断标志位
  42   1          
  43   1      }
  44            
  45          
  46          //定时器4，扫描键值，并执行相应操作，中断周期为2.5ms  
  47          void InterruptTime4() interrupt 16  
  48          { 
  49   1        
  50   1          KeyboardDriver();
  51   1          T4CON &=0x7F;           //清除中断标志位                                              ・
  52   1                                    
C51 COMPILER V9.59.0.0   MAIN                                                              06/21/2021 11:02:20 PAGE 2   

  53   1      } 
  54          
  55          //延时函数，粗延时，直接用for循环执行无意义语句延时
  56          void delay( int time_us)
  57          {
  58   1        int i =0;
  59   1        int j;
  60   1        for(i=0;i<time_us;i++)
  61   1        {
  62   2          j=0;
  63   2        }
  64   1      }
  65          
  66          
  67          
  68          
*** WARNING C294 IN LINE 16 OF USER\main.c: unreachable code


MODULE INFORMATION:   STATIC OVERLAYABLE
   CODE SIZE        =    191    ----
   CONSTANT SIZE    =   ----    ----
   XDATA SIZE       =      1       2
   PDATA SIZE       =   ----    ----
   DATA SIZE        =   ----    ----
   IDATA SIZE       =   ----    ----
   BIT SIZE         =   ----    ----
END OF MODULE INFORMATION.


C51 COMPILATION COMPLETE.  1 WARNING(S),  0 ERROR(S)
