C51 COMPILER V9.59.0.0   SYSTEM_INIT                                                       06/21/2021 11:02:20 PAGE 1   


C51 COMPILER V9.59.0.0, COMPILATION OF MODULE SYSTEM_INIT
OBJECT MODULE PLACED IN .\Objects\system_init.obj
COMPILER INVOKED BY: D:\keil_v5\C51\BIN\C51.EXE USER\system_init.c LARGE OPTIMIZE(8,SPEED) BROWSE DEBUG OBJECTEXTEND PRI
                    -NT(.\Listings\system_init.lst) TABS(2) OBJECT(.\Objects\system_init.obj)

line level    source

   1          #include "main.h"
   2          /////////////////////////////////////
   3          //  Generated Initialization File  //
   4          /////////////////////////////////////
   5          
   6          
   7          
   8          // Peripheral specific initialization functions,
   9          // Called from the Init_Device() function
  10          void Timer_Init()
  11          {
  12   1          RCAP2L    = 0x80;
  13   1          RCAP2H    = 0xFB;
  14   1          TL2       = 0x80;
  15   1          TH2       = 0xFB;
  16   1          RCAP4H    = 0xFB;
  17   1          RCAP4L    = 0x80;
  18   1          TH4       = 0xFB;
  19   1          TL4       = 0x80;
  20   1          T2CON     = 0x04;
  21   1          T4CON     = 0x04;
  22   1      }
  23          
  24          void Interrupts_Init()
  25          {
  26   1          IE        = 0xA0;
  27   1          EIE2      = 0x04;
  28   1      }
  29          
  30          void Port_IO_Init()
  31          {
  32   1          // P0.0  -  Unassigned,  Push-Pull,  Digital
  33   1          // P0.1  -  Unassigned,  Push-Pull,  Digital
  34   1          // P0.2  -  Unassigned,  Push-Pull,  Digital
  35   1          // P0.3  -  Unassigned,  Push-Pull,  Digital
  36   1          // P0.4  -  Unassigned,  Push-Pull,  Digital
  37   1          // P0.5  -  Unassigned,  Push-Pull,  Digital
  38   1          // P0.6  -  Unassigned,  Push-Pull,  Digital
  39   1          // P0.7  -  Unassigned,  Push-Pull,  Digital
  40   1      
  41   1          // P1.0  -  Unassigned,  Push-Pull,  Digital
  42   1          // P1.1  -  Unassigned,  Push-Pull,  Digital
  43   1          // P1.2  -  Unassigned,  Push-Pull,  Digital
  44   1          // P1.3  -  Unassigned,  Push-Pull,  Digital
  45   1          // P1.4  -  Unassigned,  Push-Pull,  Digital
  46   1          // P1.5  -  Unassigned,  Push-Pull,  Digital
  47   1          // P1.6  -  Unassigned,  Push-Pull,  Digital
  48   1          // P1.7  -  Unassigned,  Push-Pull,  Digital
  49   1      
  50   1          // P2.0  -  Unassigned,  Push-Pull,  Digital
  51   1          // P2.1  -  Unassigned,  Push-Pull,  Digital
  52   1          // P2.2  -  Unassigned,  Push-Pull,  Digital
  53   1          // P2.3  -  Unassigned,  Push-Pull,  Digital
  54   1          // P2.4  -  Unassigned,  Push-Pull,  Digital
C51 COMPILER V9.59.0.0   SYSTEM_INIT                                                       06/21/2021 11:02:20 PAGE 2   

  55   1          // P2.5  -  Unassigned,  Push-Pull,  Digital
  56   1          // P2.6  -  Unassigned,  Push-Pull,  Digital
  57   1          // P2.7  -  Unassigned,  Push-Pull,  Digital
  58   1      
  59   1          // P3.0  -  Unassigned,  Push-Pull,  Digital
  60   1          // P3.1  -  Unassigned,  Push-Pull,  Digital
  61   1          // P3.2  -  Unassigned,  Push-Pull,  Digital
  62   1          // P3.3  -  Unassigned,  Push-Pull,  Digital
  63   1          // P3.4  -  Unassigned,  Push-Pull,  Digital
  64   1          // P3.5  -  Unassigned,  Push-Pull,  Digital
  65   1          // P3.6  -  Unassigned,  Push-Pull,  Digital
  66   1          // P3.7  -  Unassigned,  Push-Pull,  Digital
  67   1      
  68   1          P0MDOUT   = 0xFF;
  69   1          P1MDOUT   = 0xFF;
  70   1          P2MDOUT   = 0xFF;
  71   1          P3MDOUT   = 0xFF;
  72   1          XBR2      = 0x40;
  73   1      }
  74          
  75          void Oscillator_Init()
  76          {
  77   1          int i = 0;
  78   1          OSCXCN    = 0x77;
  79   1          for (i = 0; i < 3000; i++);  // Wait 1ms for initialization
  80   1          while ((OSCXCN & 0x80) == 0);
  81   1          OSCICN    = 0x0B;
  82   1      }
  83          
  84          void Reset_Sources_Init()
  85          {
  86   1          WDTCN     = 0xDE;
  87   1          WDTCN     = 0xAD;
  88   1      }
  89          
  90          
  91          // Initialization function for device,
  92          // Call Init_Device() from your main program
  93          void Init_Device(void)
  94          {
  95   1          Timer_Init();
  96   1          Port_IO_Init();
  97   1          Oscillator_Init();
  98   1          Interrupts_Init();
  99   1          Reset_Sources_Init();
 100   1      }
 101          


MODULE INFORMATION:   STATIC OVERLAYABLE
   CODE SIZE        =    103    ----
   CONSTANT SIZE    =   ----    ----
   XDATA SIZE       =   ----    ----
   PDATA SIZE       =   ----    ----
   DATA SIZE        =   ----    ----
   IDATA SIZE       =   ----    ----
   BIT SIZE         =   ----    ----
END OF MODULE INFORMATION.


C51 COMPILATION COMPLETE.  0 WARNING(S),  0 ERROR(S)
